================================================================================
Appcelerator Titanium Diagnostics Build Log
The contents of this file are useful to send to Appcelerator Support if
reporting an issue to help us understand your environment, build settings
and aid in debugging. Please attach this log to any issue that you report.
================================================================================

Starting build at 03/28/13 02:50

Build details:

   timestamp=10/02/12 16:16
   module_apiversion=2
   version=2.1.3
   githash=15997d0


Script arguments:
   /Users/ptamzz/Library/Application Support/Titanium/mobilesdk/osx/2.1.3.GA/iphone/builder.py
   simulator
   6.1
   /Users/ptamzz/Documents/Titanium_Studio_Workspace/Jellow
   com.ptamzz.jellow
   Jellow
   iphone
   iphone

Building from: /Users/ptamzz/Library/Application Support/Titanium/mobilesdk/osx/2.1.3.GA/iphone
Platform: Darwin Kernel Version 12.3.0: Sun Jan  6 22:37:10 PST 2013; root:xnu-2050.22.13~1/RELEASE_X86_64

Xcode path is: /Applications/Xcode.app/Contents/Developer


githash=15997d0, existing_git_hash=15997d0
writing contents of /Users/ptamzz/Documents/Titanium_Studio_Workspace/Jellow/build/iphone/project.xcconfig:

TI_VERSION=2.1.3.GA
TI_SDK_DIR=/Users/ptamzz/Library/Application Support/Titanium/mobilesdk/osx/$(TI_VERSION)/iphone
TI_APPID=com.ptamzz.jellow
OTHER_LDFLAGS[sdk=iphoneos*]=$(inherited) -weak_framework iAd
OTHER_LDFLAGS[sdk=iphonesimulator*]=$(inherited) -weak_framework iAd
#include "module"

old contents


Generated the following stylecode code:

<?xml version="1.0" encoding="UTF-8"?>
<!DOCTYPE plist PUBLIC "-//Apple//DTD PLIST 1.0//EN" "http://www.apple.com/DTDs/PropertyList-1.0.dtd">
<plist version="1.0">
	<dict>
		<key>classes</key>
		<dict>
</dict>

		<key>classes_density</key>
		<dict>
</dict>

		<key>ids</key>
		<dict>
</dict>

		<key>ids_density</key>
		<dict>
</dict>

		<key>tags</key>
		<dict>
</dict>

		<key>tags_density</key>
		<dict>
</dict>

	</dict>
</plist>
Finishing build

Exception detected in script:
Traceback (most recent call last):
  File "/Users/ptamzz/Library/Application Support/Titanium/mobilesdk/osx/2.1.3.GA/iphone/builder.py", line 1428, in main
    os.waitpid(sim.pid,0)
  File "/Users/ptamzz/Library/Application Support/Titanium/mobilesdk/osx/2.1.3.GA/iphone/builder.py", line 1362, in handler
    kill_simulator()
  File "/Users/ptamzz/Library/Application Support/Titanium/mobilesdk/osx/2.1.3.GA/iphone/builder.py", line 77, in kill_simulator
    run.run(['/usr/bin/killall',"iPhone Simulator"],True)
  File "/Users/ptamzz/Library/Application Support/Titanium/mobilesdk/osx/2.1.3.GA/iphone/run.py", line 8, in run
    sys.stdout.flush()
IOError: [Errno 32] Broken pipe
