Logfile initialized
[INFO] logfile = /Users/ptamzz/Documents/Titanium_Studio_Workspace/Jellow/build.log
[DEBUG] /Users/ptamzz/Library/Application Support/Titanium/mobilesdk/osx/2.1.3.GA/android/builder.py simulator Jellow /Applications/android-sdk-macosx /Users/ptamzz/Documents/Titanium_Studio_Workspace/Jellow com.ptamzz.jellow 4 WXGA720 
[INFO] Building Jellow for Android ... one moment
[INFO] Titanium SDK version: 2.1.3 (10/02/12 16:16 15997d0)
[DEBUG] Waiting for device to be ready ...
[TRACE] adb devices returned 1 devices/emulators
[DEBUG] Device connected... (waited 0 seconds)
[DEBUG] waited 0.015381 seconds on emulator to get ready
[DEBUG] com.ptamzz.jellow installed? False
[INFO] Fastdev server running, deploying in Fastdev mode
[INFO] Copying CommonJS modules...
[INFO] Copying project resources..
[TRACE] COPYING MODIFIED FILE: /Users/ptamzz/Documents/Titanium_Studio_Workspace/Jellow/Resources/app.js => /Users/ptamzz/Documents/Titanium_Studio_Workspace/Jellow/build/android/bin/assets/Resources/app.js
[INFO] Tiapp.xml unchanged, skipping class generation
[DEBUG] Processing Android resource drawables
[DEBUG] found drawable-long-land-hdpi splash screen at /Users/ptamzz/Documents/Titanium_Studio_Workspace/Jellow/Resources/android/images/res-long-land-hdpi/default.png
[DEBUG] found drawable-long-land-ldpi splash screen at /Users/ptamzz/Documents/Titanium_Studio_Workspace/Jellow/Resources/android/images/res-long-land-ldpi/default.png
[DEBUG] found drawable-long-port-hdpi splash screen at /Users/ptamzz/Documents/Titanium_Studio_Workspace/Jellow/Resources/android/images/res-long-port-hdpi/default.png
[DEBUG] found drawable-long-port-ldpi splash screen at /Users/ptamzz/Documents/Titanium_Studio_Workspace/Jellow/Resources/android/images/res-long-port-ldpi/default.png
[DEBUG] found drawable-notlong-land-hdpi splash screen at /Users/ptamzz/Documents/Titanium_Studio_Workspace/Jellow/Resources/android/images/res-notlong-land-hdpi/default.png
[DEBUG] found drawable-notlong-land-ldpi splash screen at /Users/ptamzz/Documents/Titanium_Studio_Workspace/Jellow/Resources/android/images/res-notlong-land-ldpi/default.png
[DEBUG] found drawable-notlong-land-mdpi splash screen at /Users/ptamzz/Documents/Titanium_Studio_Workspace/Jellow/Resources/android/images/res-notlong-land-mdpi/default.png
[DEBUG] found drawable-notlong-port-hdpi splash screen at /Users/ptamzz/Documents/Titanium_Studio_Workspace/Jellow/Resources/android/images/res-notlong-port-hdpi/default.png
[DEBUG] found drawable-notlong-port-ldpi splash screen at /Users/ptamzz/Documents/Titanium_Studio_Workspace/Jellow/Resources/android/images/res-notlong-port-ldpi/default.png
[DEBUG] found drawable-notlong-port-mdpi splash screen at /Users/ptamzz/Documents/Titanium_Studio_Workspace/Jellow/Resources/android/images/res-notlong-port-mdpi/default.png
[INFO] Waiting for SDCard to become available..
[DEBUG] creating unsigned apk: /Users/ptamzz/Documents/Titanium_Studio_Workspace/Jellow/build/android/bin/app-unsigned.apk
[DEBUG] from resource zip => assets/Resources/images/eating/addons/state1/butter.png
[DEBUG] from resource zip => assets/Resources/images/eating/addons/state1/jam.png
[DEBUG] from resource zip => assets/Resources/images/eating/addons/state1/masala.png
[DEBUG] from resource zip => assets/Resources/images/eating/addons/state1/pepper.png
[DEBUG] from resource zip => assets/Resources/images/eating/addons/state1/pickle.png
[DEBUG] from resource zip => assets/Resources/images/eating/addons/state1/salt.png
[DEBUG] from resource zip => assets/Resources/images/eating/addons/state1/sauce.png
[DEBUG] from resource zip => assets/Resources/images/eating/addons/state1/sugar.png
[DEBUG] from resource zip => assets/Resources/images/eating/addons/butter.png
[DEBUG] from resource zip => assets/Resources/images/eating/addons/jam.png
[DEBUG] from resource zip => assets/Resources/images/eating/addons/masala.png
[DEBUG] from resource zip => assets/Resources/images/eating/addons/pepper.png
[DEBUG] from resource zip => assets/Resources/images/eating/addons/pickle.png
[DEBUG] from resource zip => assets/Resources/images/eating/addons/salt.png
[DEBUG] from resource zip => assets/Resources/images/eating/addons/sauce.png
[DEBUG] from resource zip => assets/Resources/images/eating/addons/sugar.png
[DEBUG] from resource zip => assets/Resources/images/eating/beverages/state1/juice.png
[DEBUG] from resource zip => assets/Resources/images/eating/beverages/state1/milk.png
[DEBUG] from resource zip => assets/Resources/images/eating/beverages/state1/milkshake.png
[DEBUG] from resource zip => assets/Resources/images/eating/beverages/state1/tea.png
[DEBUG] from resource zip => assets/Resources/images/eating/beverages/juice.png
[DEBUG] from resource zip => assets/Resources/images/eating/beverages/milk.png
[DEBUG] from resource zip => assets/Resources/images/eating/beverages/milkshake.png
[DEBUG] from resource zip => assets/Resources/images/eating/beverages/tea.png
[DEBUG] from resource zip => assets/Resources/images/eating/breakfast/state1/bread.png
[DEBUG] from resource zip => assets/Resources/images/eating/breakfast/state1/cornflakes.png
[DEBUG] from resource zip => assets/Resources/images/eating/breakfast/state1/eggs.png
[DEBUG] from resource zip => assets/Resources/images/eating/breakfast/state1/porridge.png
[DEBUG] from resource zip => assets/Resources/images/eating/breakfast/state1/rice.png
[DEBUG] from resource zip => assets/Resources/images/eating/breakfast/bread.png
[DEBUG] from resource zip => assets/Resources/images/eating/breakfast/cornflakes.png
[DEBUG] from resource zip => assets/Resources/images/eating/breakfast/eggs.png
[DEBUG] from resource zip => assets/Resources/images/eating/breakfast/milk.png
[DEBUG] from resource zip => assets/Resources/images/eating/breakfast/porridge.png
[DEBUG] from resource zip => assets/Resources/images/eating/breakfast/rice.png
[DEBUG] from resource zip => assets/Resources/images/eating/cutlery/state1/bowl.png
[DEBUG] from resource zip => assets/Resources/images/eating/cutlery/state1/fork.png
[DEBUG] from resource zip => assets/Resources/images/eating/cutlery/state1/glass.png
[DEBUG] from resource zip => assets/Resources/images/eating/cutlery/state1/knife.png
[DEBUG] from resource zip => assets/Resources/images/eating/cutlery/state1/plate.png
[DEBUG] from resource zip => assets/Resources/images/eating/cutlery/state1/spoon.png
[DEBUG] from resource zip => assets/Resources/images/eating/cutlery/bowl.png
[DEBUG] from resource zip => assets/Resources/images/eating/cutlery/fork.png
[DEBUG] from resource zip => assets/Resources/images/eating/cutlery/glass.png
[DEBUG] from resource zip => assets/Resources/images/eating/cutlery/knife.png
[DEBUG] from resource zip => assets/Resources/images/eating/cutlery/plate.png
[DEBUG] from resource zip => assets/Resources/images/eating/cutlery/spoon.png
[DEBUG] from resource zip => assets/Resources/images/eating/fruits/state1/apple.png
[DEBUG] from resource zip => assets/Resources/images/eating/fruits/state1/banana.png
[DEBUG] from resource zip => assets/Resources/images/eating/fruits/state1/grapes.png
[DEBUG] from resource zip => assets/Resources/images/eating/fruits/state1/guava.png
[DEBUG] from resource zip => assets/Resources/images/eating/fruits/state1/mango.png
[DEBUG] from resource zip => assets/Resources/images/eating/fruits/state1/orange.png
[DEBUG] from resource zip => assets/Resources/images/eating/fruits/state1/pineapple.png
[DEBUG] from resource zip => assets/Resources/images/eating/fruits/state1/pomegranate.png
[DEBUG] from resource zip => assets/Resources/images/eating/fruits/apple.png
[DEBUG] from resource zip => assets/Resources/images/eating/fruits/banana.png
[DEBUG] from resource zip => assets/Resources/images/eating/fruits/grapes.png
[DEBUG] from resource zip => assets/Resources/images/eating/fruits/guava.png
[DEBUG] from resource zip => assets/Resources/images/eating/fruits/mango.png
[DEBUG] from resource zip => assets/Resources/images/eating/fruits/orange.png
[DEBUG] from resource zip => assets/Resources/images/eating/fruits/pineapple.png
[DEBUG] from resource zip => assets/Resources/images/eating/fruits/pomegranate.png
[DEBUG] from resource zip => assets/Resources/images/eating/fruits/watermelon.png
[DEBUG] from resource zip => assets/Resources/images/eating/meal/state1/curd.png
[DEBUG] from resource zip => assets/Resources/images/eating/meal/state1/curry.png
[DEBUG] from resource zip => assets/Resources/images/eating/meal/state1/dal.png
[DEBUG] from resource zip => assets/Resources/images/eating/meal/state1/khichdi.png
[DEBUG] from resource zip => assets/Resources/images/eating/meal/state1/nonveg.png
[DEBUG] from resource zip => assets/Resources/images/eating/meal/state1/pizza.png
[DEBUG] from resource zip => assets/Resources/images/eating/meal/state1/rice.png
[DEBUG] from resource zip => assets/Resources/images/eating/meal/state1/roti.png
[DEBUG] from resource zip => assets/Resources/images/eating/meal/curd.png
[DEBUG] from resource zip => assets/Resources/images/eating/meal/curry.png
[DEBUG] from resource zip => assets/Resources/images/eating/meal/dal.png
[DEBUG] from resource zip => assets/Resources/images/eating/meal/khichdi.png
[DEBUG] from resource zip => assets/Resources/images/eating/meal/nonveg.png
[DEBUG] from resource zip => assets/Resources/images/eating/meal/pizza.png
[DEBUG] from resource zip => assets/Resources/images/eating/meal/rice.png
[DEBUG] from resource zip => assets/Resources/images/eating/meal/roti.png
[DEBUG] from resource zip => assets/Resources/images/eating/snacks/state1/biscuits.png
[DEBUG] from resource zip => assets/Resources/images/eating/snacks/state1/chats.png
[DEBUG] from resource zip => assets/Resources/images/eating/snacks/state1/chocolate.png
[DEBUG] from resource zip => assets/Resources/images/eating/snacks/state1/icecream.png
[DEBUG] from resource zip => assets/Resources/images/eating/snacks/state1/nonveg.png
[DEBUG] from resource zip => assets/Resources/images/eating/snacks/state1/noodles.png
[DEBUG] from resource zip => assets/Resources/images/eating/snacks/state1/pasteries.png
[DEBUG] from resource zip => assets/Resources/images/eating/snacks/state1/sweets.png
[DEBUG] from resource zip => assets/Resources/images/eating/snacks/state1/wafers.png
[DEBUG] from resource zip => assets/Resources/images/eating/snacks/biscuits.png
[DEBUG] from resource zip => assets/Resources/images/eating/snacks/chats.png
[DEBUG] from resource zip => assets/Resources/images/eating/snacks/chocolate.png
[DEBUG] from resource zip => assets/Resources/images/eating/snacks/icecream.png
[DEBUG] from resource zip => assets/Resources/images/eating/snacks/nonveg.png
[DEBUG] from resource zip => assets/Resources/images/eating/snacks/noodles.png
[DEBUG] from resource zip => assets/Resources/images/eating/snacks/pasteries.png
[DEBUG] from resource zip => assets/Resources/images/eating/snacks/sweets.png
[DEBUG] from resource zip => assets/Resources/images/eating/snacks/wafers.png
[DEBUG] from resource zip => assets/Resources/images/eating/state1/addons.png
[DEBUG] from resource zip => assets/Resources/images/eating/state1/beverages.png
[DEBUG] from resource zip => assets/Resources/images/eating/state1/breakfast.png
[DEBUG] from resource zip => assets/Resources/images/eating/state1/cutlery.png
[DEBUG] from resource zip => assets/Resources/images/eating/state1/dinner.png
[DEBUG] from resource zip => assets/Resources/images/eating/state1/fruits.png
[DEBUG] from resource zip => assets/Resources/images/eating/state1/lunch.png
[DEBUG] from resource zip => assets/Resources/images/eating/state1/snacks.png
[DEBUG] from resource zip => assets/Resources/images/eating/addons.png
[DEBUG] from resource zip => assets/Resources/images/eating/beverages.png
[DEBUG] from resource zip => assets/Resources/images/eating/breakfast.png
[DEBUG] from resource zip => assets/Resources/images/eating/cutlery.png
[DEBUG] from resource zip => assets/Resources/images/eating/dinner.png
[DEBUG] from resource zip => assets/Resources/images/eating/fruits.png
[DEBUG] from resource zip => assets/Resources/images/eating/lunch.png
[DEBUG] from resource zip => assets/Resources/images/eating/snacks.png
[DEBUG] from resource zip => assets/Resources/images/home/state1/eating.png
[DEBUG] from resource zip => assets/Resources/images/home/state1/learning.png
[DEBUG] from resource zip => assets/Resources/images/home/state1/others.png
[DEBUG] from resource zip => assets/Resources/images/home/state1/people.png
[DEBUG] from resource zip => assets/Resources/images/home/state1/playing.png
[DEBUG] from resource zip => assets/Resources/images/home/eating.png
[DEBUG] from resource zip => assets/Resources/images/home/learning.png
[DEBUG] from resource zip => assets/Resources/images/home/others.png
[DEBUG] from resource zip => assets/Resources/images/home/people.png
[DEBUG] from resource zip => assets/Resources/images/home/playing.png
[DEBUG] from resource zip => assets/Resources/images/learning/animals/state1/ant.png
[DEBUG] from resource zip => assets/Resources/images/learning/animals/state1/cat.png
[DEBUG] from resource zip => assets/Resources/images/learning/animals/state1/cockroach.png
[DEBUG] from resource zip => assets/Resources/images/learning/animals/state1/dog.png
[DEBUG] from resource zip => assets/Resources/images/learning/animals/state1/fly.png
[DEBUG] from resource zip => assets/Resources/images/learning/animals/state1/mosquito.png
[DEBUG] from resource zip => assets/Resources/images/learning/animals/ant.png
[DEBUG] from resource zip => assets/Resources/images/learning/animals/cat.png
[DEBUG] from resource zip => assets/Resources/images/learning/animals/cockroach.png
[DEBUG] from resource zip => assets/Resources/images/learning/animals/dog.png
[DEBUG] from resource zip => assets/Resources/images/learning/animals/fly.png
[DEBUG] from resource zip => assets/Resources/images/learning/animals/mosquito.png
[DEBUG] from resource zip => assets/Resources/images/learning/body/state1/ears.png
[DEBUG] from resource zip => assets/Resources/images/learning/body/state1/eyes.png
[DEBUG] from resource zip => assets/Resources/images/learning/body/state1/fingers.png
[DEBUG] from resource zip => assets/Resources/images/learning/body/state1/hair.png
[DEBUG] from resource zip => assets/Resources/images/learning/body/state1/hands.png
[DEBUG] from resource zip => assets/Resources/images/learning/body/state1/head.png
[DEBUG] from resource zip => assets/Resources/images/learning/body/state1/legs.png
[DEBUG] from resource zip => assets/Resources/images/learning/body/state1/mouth.png
[DEBUG] from resource zip => assets/Resources/images/learning/body/state1/stomach.png
[DEBUG] from resource zip => assets/Resources/images/learning/body/ears.png
[DEBUG] from resource zip => assets/Resources/images/learning/body/eyes.png
[DEBUG] from resource zip => assets/Resources/images/learning/body/fingers.png
[DEBUG] from resource zip => assets/Resources/images/learning/body/hair.png
[DEBUG] from resource zip => assets/Resources/images/learning/body/hands.png
[DEBUG] from resource zip => assets/Resources/images/learning/body/head.png
[DEBUG] from resource zip => assets/Resources/images/learning/body/legs.png
[DEBUG] from resource zip => assets/Resources/images/learning/body/mouth.png
[DEBUG] from resource zip => assets/Resources/images/learning/body/stomach.png
[DEBUG] from resource zip => assets/Resources/images/learning/books/state1/bedtimestories.png
[DEBUG] from resource zip => assets/Resources/images/learning/books/state1/comics.png
[DEBUG] from resource zip => assets/Resources/images/learning/books/state1/drawingbook.png
[DEBUG] from resource zip => assets/Resources/images/learning/books/state1/maths.png
[DEBUG] from resource zip => assets/Resources/images/learning/books/state1/rhymes.png
[DEBUG] from resource zip => assets/Resources/images/learning/books/state1/schoolnotebook.png
[DEBUG] from resource zip => assets/Resources/images/learning/books/state1/words.png
[DEBUG] from resource zip => assets/Resources/images/learning/books/bedtimestories.png
[DEBUG] from resource zip => assets/Resources/images/learning/books/comics.png
[DEBUG] from resource zip => assets/Resources/images/learning/books/drawingbook.png
[DEBUG] from resource zip => assets/Resources/images/learning/books/maths.png
[DEBUG] from resource zip => assets/Resources/images/learning/books/rhymes.png
[DEBUG] from resource zip => assets/Resources/images/learning/books/schoolnotebook.png
[DEBUG] from resource zip => assets/Resources/images/learning/books/words.png
[DEBUG] from resource zip => assets/Resources/images/learning/colors/state1/black.png
[DEBUG] from resource zip => assets/Resources/images/learning/colors/state1/blue.png
[DEBUG] from resource zip => assets/Resources/images/learning/colors/state1/brown.png
[DEBUG] from resource zip => assets/Resources/images/learning/colors/state1/golden.png
[DEBUG] from resource zip => assets/Resources/images/learning/colors/state1/green.png
[DEBUG] from resource zip => assets/Resources/images/learning/colors/state1/red.png
[DEBUG] from resource zip => assets/Resources/images/learning/colors/state1/silver.png
[DEBUG] from resource zip => assets/Resources/images/learning/colors/state1/white.png
[DEBUG] from resource zip => assets/Resources/images/learning/colors/state1/yellow.png
[DEBUG] from resource zip => assets/Resources/images/learning/colors/black.png
[DEBUG] from resource zip => assets/Resources/images/learning/colors/blue.png
[DEBUG] from resource zip => assets/Resources/images/learning/colors/brown.png
[DEBUG] from resource zip => assets/Resources/images/learning/colors/golden.png
[DEBUG] from resource zip => assets/Resources/images/learning/colors/green.png
[DEBUG] from resource zip => assets/Resources/images/learning/colors/red.png
[DEBUG] from resource zip => assets/Resources/images/learning/colors/silver.png
[DEBUG] from resource zip => assets/Resources/images/learning/colors/white.png
[DEBUG] from resource zip => assets/Resources/images/learning/colors/yellow.png
[DEBUG] from resource zip => assets/Resources/images/learning/homeobjects/state1/chair.png
[DEBUG] from resource zip => assets/Resources/images/learning/homeobjects/state1/door.png
[DEBUG] from resource zip => assets/Resources/images/learning/homeobjects/state1/fan.png
[DEBUG] from resource zip => assets/Resources/images/learning/homeobjects/state1/kitchen.png
[DEBUG] from resource zip => assets/Resources/images/learning/homeobjects/state1/sofa.png
[DEBUG] from resource zip => assets/Resources/images/learning/homeobjects/state1/table.png
[DEBUG] from resource zip => assets/Resources/images/learning/homeobjects/state1/toilet.png
[DEBUG] from resource zip => assets/Resources/images/learning/homeobjects/state1/window.png
[DEBUG] from resource zip => assets/Resources/images/learning/homeobjects/chair.png
[DEBUG] from resource zip => assets/Resources/images/learning/homeobjects/door.png
[DEBUG] from resource zip => assets/Resources/images/learning/homeobjects/fan.png
[DEBUG] from resource zip => assets/Resources/images/learning/homeobjects/kitchen.png
[DEBUG] from resource zip => assets/Resources/images/learning/homeobjects/sofa.png
[DEBUG] from resource zip => assets/Resources/images/learning/homeobjects/table.png
[DEBUG] from resource zip => assets/Resources/images/learning/homeobjects/toilet.png
[DEBUG] from resource zip => assets/Resources/images/learning/homeobjects/window.png
[DEBUG] from resource zip => assets/Resources/images/learning/shapes/state1/circle.png
[DEBUG] from resource zip => assets/Resources/images/learning/shapes/state1/freeform.png
[DEBUG] from resource zip => assets/Resources/images/learning/shapes/state1/line.png
[DEBUG] from resource zip => assets/Resources/images/learning/shapes/state1/rectangle.png
[DEBUG] from resource zip => assets/Resources/images/learning/shapes/state1/square.png
[DEBUG] from resource zip => assets/Resources/images/learning/shapes/state1/triangle.png
[DEBUG] from resource zip => assets/Resources/images/learning/shapes/circle.png
[DEBUG] from resource zip => assets/Resources/images/learning/shapes/freeform.png
[DEBUG] from resource zip => assets/Resources/images/learning/shapes/line.png
[DEBUG] from resource zip => assets/Resources/images/learning/shapes/rectangle.png
[DEBUG] from resource zip => assets/Resources/images/learning/shapes/square.png
[DEBUG] from resource zip => assets/Resources/images/learning/shapes/triangle.png
[DEBUG] from resource zip => assets/Resources/images/learning/state1/animals.png
[DEBUG] from resource zip => assets/Resources/images/learning/state1/body.png
[DEBUG] from resource zip => assets/Resources/images/learning/state1/books.png
[DEBUG] from resource zip => assets/Resources/images/learning/state1/colors.png
[DEBUG] from resource zip => assets/Resources/images/learning/state1/homeobjects.png
[DEBUG] from resource zip => assets/Resources/images/learning/state1/shapes.png
[DEBUG] from resource zip => assets/Resources/images/learning/state1/stationary.png
[DEBUG] from resource zip => assets/Resources/images/learning/stationary/state1/blankpaper.png
[DEBUG] from resource zip => assets/Resources/images/learning/stationary/state1/coloredpaper.png
[DEBUG] from resource zip => assets/Resources/images/learning/stationary/state1/crayons.png
[DEBUG] from resource zip => assets/Resources/images/learning/stationary/state1/eraser.png
[DEBUG] from resource zip => assets/Resources/images/learning/stationary/state1/pen.png
[DEBUG] from resource zip => assets/Resources/images/learning/stationary/state1/pencil.png
[DEBUG] from resource zip => assets/Resources/images/learning/stationary/state1/pouch.png
[DEBUG] from resource zip => assets/Resources/images/learning/stationary/state1/scale.png
[DEBUG] from resource zip => assets/Resources/images/learning/stationary/state1/sharpener.png
[DEBUG] from resource zip => assets/Resources/images/learning/stationary/blankpaper.png
[DEBUG] from resource zip => assets/Resources/images/learning/stationary/coloredpaper.png
[DEBUG] from resource zip => assets/Resources/images/learning/stationary/crayons.png
[DEBUG] from resource zip => assets/Resources/images/learning/stationary/eraser.png
[DEBUG] from resource zip => assets/Resources/images/learning/stationary/pen.png
[DEBUG] from resource zip => assets/Resources/images/learning/stationary/pencil.png
[DEBUG] from resource zip => assets/Resources/images/learning/stationary/pouch.png
[DEBUG] from resource zip => assets/Resources/images/learning/stationary/scale.png
[DEBUG] from resource zip => assets/Resources/images/learning/stationary/sharpener.png
[DEBUG] from resource zip => assets/Resources/images/learning/animals.png
[DEBUG] from resource zip => assets/Resources/images/learning/body.png
[DEBUG] from resource zip => assets/Resources/images/learning/books.png
[DEBUG] from resource zip => assets/Resources/images/learning/colors.png
[DEBUG] from resource zip => assets/Resources/images/learning/homeobjects.png
[DEBUG] from resource zip => assets/Resources/images/learning/shapes.png
[DEBUG] from resource zip => assets/Resources/images/learning/stationary.png
[DEBUG] from resource zip => assets/Resources/images/main_buttons/state1/cross_no.png
[DEBUG] from resource zip => assets/Resources/images/main_buttons/state1/home.png
[DEBUG] from resource zip => assets/Resources/images/main_buttons/state1/minus_less.png
[DEBUG] from resource zip => assets/Resources/images/main_buttons/state1/plus_more.png
[DEBUG] from resource zip => assets/Resources/images/main_buttons/state1/smiley_dont_like.png
[DEBUG] from resource zip => assets/Resources/images/main_buttons/state1/smiley_like.png
[DEBUG] from resource zip => assets/Resources/images/main_buttons/state1/tick_yes.png
[DEBUG] from resource zip => assets/Resources/images/main_buttons/state2/cross_no.png
[DEBUG] from resource zip => assets/Resources/images/main_buttons/state2/minus_less.png
[DEBUG] from resource zip => assets/Resources/images/main_buttons/state2/plus_more.png
[DEBUG] from resource zip => assets/Resources/images/main_buttons/state2/smiley_dont_like.png
[DEBUG] from resource zip => assets/Resources/images/main_buttons/state2/smiley_like.png
[DEBUG] from resource zip => assets/Resources/images/main_buttons/state2/tick_yes.png
[DEBUG] from resource zip => assets/Resources/images/main_buttons/cross_no.png
[DEBUG] from resource zip => assets/Resources/images/main_buttons/home.png
[DEBUG] from resource zip => assets/Resources/images/main_buttons/minus_less.png
[DEBUG] from resource zip => assets/Resources/images/main_buttons/plus_more.png
[DEBUG] from resource zip => assets/Resources/images/main_buttons/smiley_dont_like.png
[DEBUG] from resource zip => assets/Resources/images/main_buttons/smiley_like.png
[DEBUG] from resource zip => assets/Resources/images/main_buttons/tick_yes.png
[DEBUG] from resource zip => assets/Resources/images/others/clothes/state1/changefootwear.png
[DEBUG] from resource zip => assets/Resources/images/others/clothes/state1/changeinnerwear.png
[DEBUG] from resource zip => assets/Resources/images/others/clothes/state1/changejeans.png
[DEBUG] from resource zip => assets/Resources/images/others/clothes/state1/changetshirt.png
[DEBUG] from resource zip => assets/Resources/images/others/clothes/state1/wearnightclothes.png
[DEBUG] from resource zip => assets/Resources/images/others/clothes/changefootwear.png
[DEBUG] from resource zip => assets/Resources/images/others/clothes/changeinnerwear.png
[DEBUG] from resource zip => assets/Resources/images/others/clothes/changejeans.png
[DEBUG] from resource zip => assets/Resources/images/others/clothes/changetshirt.png
[DEBUG] from resource zip => assets/Resources/images/others/clothes/wearnightclothes.png
[DEBUG] from resource zip => assets/Resources/images/others/emergency/state1/bandage.png
[DEBUG] from resource zip => assets/Resources/images/others/emergency/state1/help.png
[DEBUG] from resource zip => assets/Resources/images/others/emergency/state1/medicine.png
[DEBUG] from resource zip => assets/Resources/images/others/emergency/bandage.png
[DEBUG] from resource zip => assets/Resources/images/others/emergency/help.png
[DEBUG] from resource zip => assets/Resources/images/others/emergency/medicine.png
[DEBUG] from resource zip => assets/Resources/images/others/hygiene/state1/bath.png
[DEBUG] from resource zip => assets/Resources/images/others/hygiene/state1/brush.png
[DEBUG] from resource zip => assets/Resources/images/others/hygiene/state1/facewash.png
[DEBUG] from resource zip => assets/Resources/images/others/hygiene/state1/toilet.png
[DEBUG] from resource zip => assets/Resources/images/others/hygiene/state1/vomit.png
[DEBUG] from resource zip => assets/Resources/images/others/hygiene/bath.png
[DEBUG] from resource zip => assets/Resources/images/others/hygiene/brush.png
[DEBUG] from resource zip => assets/Resources/images/others/hygiene/facewash.png
[DEBUG] from resource zip => assets/Resources/images/others/hygiene/toilet.png
[DEBUG] from resource zip => assets/Resources/images/others/hygiene/vomit.png
[DEBUG] from resource zip => assets/Resources/images/others/school/state1/bag.png
[DEBUG] from resource zip => assets/Resources/images/others/school/state1/books.png
[DEBUG] from resource zip => assets/Resources/images/others/school/state1/bottle.png
[DEBUG] from resource zip => assets/Resources/images/others/school/state1/dontwanttogo.png
[DEBUG] from resource zip => assets/Resources/images/others/school/state1/homework.png
[DEBUG] from resource zip => assets/Resources/images/others/school/bag.png
[DEBUG] from resource zip => assets/Resources/images/others/school/books.png
[DEBUG] from resource zip => assets/Resources/images/others/school/bottle.png
[DEBUG] from resource zip => assets/Resources/images/others/school/dontwanttogo.png
[DEBUG] from resource zip => assets/Resources/images/others/school/homework.png
[DEBUG] from resource zip => assets/Resources/images/others/sleep/state1/door.png
[DEBUG] from resource zip => assets/Resources/images/others/sleep/state1/fan.png
[DEBUG] from resource zip => assets/Resources/images/others/sleep/state1/feelingcold.png
[DEBUG] from resource zip => assets/Resources/images/others/sleep/state1/light.png
[DEBUG] from resource zip => assets/Resources/images/others/sleep/state1/window.png
[DEBUG] from resource zip => assets/Resources/images/others/sleep/door.png
[DEBUG] from resource zip => assets/Resources/images/others/sleep/fan.png
[DEBUG] from resource zip => assets/Resources/images/others/sleep/feelingcold.png
[DEBUG] from resource zip => assets/Resources/images/others/sleep/light.png
[DEBUG] from resource zip => assets/Resources/images/others/sleep/window.png
[DEBUG] from resource zip => assets/Resources/images/others/state1/clothes.png
[DEBUG] from resource zip => assets/Resources/images/others/state1/emergency.png
[DEBUG] from resource zip => assets/Resources/images/others/state1/hygiene.png
[DEBUG] from resource zip => assets/Resources/images/others/state1/school.png
[DEBUG] from resource zip => assets/Resources/images/others/state1/sleep.png
[DEBUG] from resource zip => assets/Resources/images/others/state1/time.png
[DEBUG] from resource zip => assets/Resources/images/others/time/state1/afternoon.png
[DEBUG] from resource zip => assets/Resources/images/others/time/state1/currenttime.png
[DEBUG] from resource zip => assets/Resources/images/others/time/state1/evening.png
[DEBUG] from resource zip => assets/Resources/images/others/time/state1/morning.png
[DEBUG] from resource zip => assets/Resources/images/others/time/state1/night.png
[DEBUG] from resource zip => assets/Resources/images/others/time/state1/tomorrow.png
[DEBUG] from resource zip => assets/Resources/images/others/time/state1/yesterday.png
[DEBUG] from resource zip => assets/Resources/images/others/time/afternoon.png
[DEBUG] from resource zip => assets/Resources/images/others/time/currenttime.png
[DEBUG] from resource zip => assets/Resources/images/others/time/evening.png
[DEBUG] from resource zip => assets/Resources/images/others/time/morning.png
[DEBUG] from resource zip => assets/Resources/images/others/time/night.png
[DEBUG] from resource zip => assets/Resources/images/others/time/tomorrow.png
[DEBUG] from resource zip => assets/Resources/images/others/time/yesterday.png
[DEBUG] from resource zip => assets/Resources/images/others/clothes.png
[DEBUG] from resource zip => assets/Resources/images/others/emergency.png
[DEBUG] from resource zip => assets/Resources/images/others/hygiene.png
[DEBUG] from resource zip => assets/Resources/images/others/school.png
[DEBUG] from resource zip => assets/Resources/images/others/sleep.png
[DEBUG] from resource zip => assets/Resources/images/others/time.png
[DEBUG] from resource zip => assets/Resources/images/people/state1/brother.png
[DEBUG] from resource zip => assets/Resources/images/people/state1/dad.png
[DEBUG] from resource zip => assets/Resources/images/people/state1/doctor.png
[DEBUG] from resource zip => assets/Resources/images/people/state1/friends.png
[DEBUG] from resource zip => assets/Resources/images/people/state1/mom.png
[DEBUG] from resource zip => assets/Resources/images/people/state1/nurse.png
[DEBUG] from resource zip => assets/Resources/images/people/state1/sister.png
[DEBUG] from resource zip => assets/Resources/images/people/state1/teacher.png
[DEBUG] from resource zip => assets/Resources/images/people/brother.png
[DEBUG] from resource zip => assets/Resources/images/people/dad.png
[DEBUG] from resource zip => assets/Resources/images/people/doctor.png
[DEBUG] from resource zip => assets/Resources/images/people/friends.png
[DEBUG] from resource zip => assets/Resources/images/people/mom.png
[DEBUG] from resource zip => assets/Resources/images/people/nurse.png
[DEBUG] from resource zip => assets/Resources/images/people/sister.png
[DEBUG] from resource zip => assets/Resources/images/people/teacher.png
[DEBUG] from resource zip => assets/Resources/images/play/music/state1/changemusic.png
[DEBUG] from resource zip => assets/Resources/images/play/music/state1/letsdance.png
[DEBUG] from resource zip => assets/Resources/images/play/music/state1/volumedown.png
[DEBUG] from resource zip => assets/Resources/images/play/music/state1/volumeup.png
[DEBUG] from resource zip => assets/Resources/images/play/music/changemusic.png
[DEBUG] from resource zip => assets/Resources/images/play/music/letsdance.png
[DEBUG] from resource zip => assets/Resources/images/play/music/volumedown.png
[DEBUG] from resource zip => assets/Resources/images/play/music/volumeup.png
[DEBUG] from resource zip => assets/Resources/images/play/outdoorgames/state1/cars.png
[DEBUG] from resource zip => assets/Resources/images/play/outdoorgames/state1/garden.png
[DEBUG] from resource zip => assets/Resources/images/play/outdoorgames/state1/swing.png
[DEBUG] from resource zip => assets/Resources/images/play/outdoorgames/state1/terrace.png
[DEBUG] from resource zip => assets/Resources/images/play/outdoorgames/state1/walk.png
[DEBUG] from resource zip => assets/Resources/images/play/outdoorgames/cars.png
[DEBUG] from resource zip => assets/Resources/images/play/outdoorgames/garden.png
[DEBUG] from resource zip => assets/Resources/images/play/outdoorgames/swing.png
[DEBUG] from resource zip => assets/Resources/images/play/outdoorgames/terrace.png
[DEBUG] from resource zip => assets/Resources/images/play/outdoorgames/walk.png
[DEBUG] from resource zip => assets/Resources/images/play/state1/music.png
[DEBUG] from resource zip => assets/Resources/images/play/state1/outdoorgames.png
[DEBUG] from resource zip => assets/Resources/images/play/state1/puzzles.png
[DEBUG] from resource zip => assets/Resources/images/play/state1/toys.png
[DEBUG] from resource zip => assets/Resources/images/play/state1/tv.png
[DEBUG] from resource zip => assets/Resources/images/play/state1/videogames.png
[DEBUG] from resource zip => assets/Resources/images/play/toys/state1/actionfigures.png
[DEBUG] from resource zip => assets/Resources/images/play/toys/state1/cars.png
[DEBUG] from resource zip => assets/Resources/images/play/toys/state1/playwithme.png
[DEBUG] from resource zip => assets/Resources/images/play/toys/state1/softtoys.png
[DEBUG] from resource zip => assets/Resources/images/play/toys/actionfigures.png
[DEBUG] from resource zip => assets/Resources/images/play/toys/cars.png
[DEBUG] from resource zip => assets/Resources/images/play/toys/playwithme.png
[DEBUG] from resource zip => assets/Resources/images/play/toys/softtoys.png
[DEBUG] from resource zip => assets/Resources/images/play/tv/state1/nextchannel.png
[DEBUG] from resource zip => assets/Resources/images/play/tv/state1/previouschannel.png
[DEBUG] from resource zip => assets/Resources/images/play/tv/nextchannel.png
[DEBUG] from resource zip => assets/Resources/images/play/tv/previouschannel.png
[DEBUG] from resource zip => assets/Resources/images/play/music.png
[DEBUG] from resource zip => assets/Resources/images/play/outdoorgames.png
[DEBUG] from resource zip => assets/Resources/images/play/puzzles.png
[DEBUG] from resource zip => assets/Resources/images/play/toys.png
[DEBUG] from resource zip => assets/Resources/images/play/tv.png
[DEBUG] from resource zip => assets/Resources/images/play/videogames.png
[DEBUG] from resource zip => assets/Resources/images/ajax-loader.gif
[DEBUG] from resource zip => assets/Resources/media/eating/addon/Butter.mp3
[DEBUG] from resource zip => assets/Resources/media/eating/addon/Jam.mp3
[DEBUG] from resource zip => assets/Resources/media/eating/addon/Masala.mp3
[DEBUG] from resource zip => assets/Resources/media/eating/addon/Pepper.mp3
[DEBUG] from resource zip => assets/Resources/media/eating/addon/Pickle.mp3
[DEBUG] from resource zip => assets/Resources/media/eating/addon/Salt.mp3
[DEBUG] from resource zip => assets/Resources/media/eating/addon/Sauce.mp3
[DEBUG] from resource zip => assets/Resources/media/eating/addon/Sugar.mp3
[DEBUG] from resource zip => assets/Resources/media/eating/beverage/Juice.mp3
[DEBUG] from resource zip => assets/Resources/media/eating/beverage/Milk.mp3
[DEBUG] from resource zip => assets/Resources/media/eating/beverage/MilkShakes.mp3
[DEBUG] from resource zip => assets/Resources/media/eating/beverage/Tea.mp3
[DEBUG] from resource zip => assets/Resources/media/eating/breakfast/Bread.mp3
[DEBUG] from resource zip => assets/Resources/media/eating/breakfast/Cornflakes.mp3
[DEBUG] from resource zip => assets/Resources/media/eating/breakfast/Eggs.mp3
[DEBUG] from resource zip => assets/Resources/media/eating/breakfast/Milk.mp3
[DEBUG] from resource zip => assets/Resources/media/eating/breakfast/Porridge.mp3
[DEBUG] from resource zip => assets/Resources/media/eating/breakfast/Rice.mp3
[DEBUG] from resource zip => assets/Resources/media/eating/cutlery/Bowl.mp3
[DEBUG] from resource zip => assets/Resources/media/eating/cutlery/Fork.mp3
[DEBUG] from resource zip => assets/Resources/media/eating/cutlery/Glass.mp3
[DEBUG] from resource zip => assets/Resources/media/eating/cutlery/Knife.mp3
[DEBUG] from resource zip => assets/Resources/media/eating/cutlery/Plate.mp3
[DEBUG] from resource zip => assets/Resources/media/eating/cutlery/Spoon.mp3
[DEBUG] from resource zip => assets/Resources/media/eating/dinner/Curd.mp3
[DEBUG] from resource zip => assets/Resources/media/eating/dinner/Curry.mp3
[DEBUG] from resource zip => assets/Resources/media/eating/dinner/Dal.mp3
[DEBUG] from resource zip => assets/Resources/media/eating/dinner/Khichdi.mp3
[DEBUG] from resource zip => assets/Resources/media/eating/dinner/NonVeg.mp3
[DEBUG] from resource zip => assets/Resources/media/eating/dinner/Pizza.mp3
[DEBUG] from resource zip => assets/Resources/media/eating/dinner/Rice.mp3
[DEBUG] from resource zip => assets/Resources/media/eating/dinner/Roti.mp3
[DEBUG] from resource zip => assets/Resources/media/eating/fruit/Apple.mp3
[DEBUG] from resource zip => assets/Resources/media/eating/fruit/Banana.mp3
[DEBUG] from resource zip => assets/Resources/media/eating/fruit/Grapes.mp3
[DEBUG] from resource zip => assets/Resources/media/eating/fruit/Guava.mp3
[DEBUG] from resource zip => assets/Resources/media/eating/fruit/Mango.mp3
[DEBUG] from resource zip => assets/Resources/media/eating/fruit/Orange.mp3
[DEBUG] from resource zip => assets/Resources/media/eating/fruit/Pineapple.mp3
[DEBUG] from resource zip => assets/Resources/media/eating/fruit/Pomogrenate.mp3
[DEBUG] from resource zip => assets/Resources/media/eating/fruit/WaterMelon.mp3
[DEBUG] from resource zip => assets/Resources/media/eating/lunch/Curd.mp3
[DEBUG] from resource zip => assets/Resources/media/eating/lunch/Curry.mp3
[DEBUG] from resource zip => assets/Resources/media/eating/lunch/Dal.mp3
[DEBUG] from resource zip => assets/Resources/media/eating/lunch/Khichdi.mp3
[DEBUG] from resource zip => assets/Resources/media/eating/lunch/NonVeg.mp3
[DEBUG] from resource zip => assets/Resources/media/eating/lunch/Pizza.mp3
[DEBUG] from resource zip => assets/Resources/media/eating/lunch/Rice.mp3
[DEBUG] from resource zip => assets/Resources/media/eating/lunch/Roti.mp3
[DEBUG] from resource zip => assets/Resources/media/eating/snack/Biscuits.mp3
[DEBUG] from resource zip => assets/Resources/media/eating/snack/Chats.mp3
[DEBUG] from resource zip => assets/Resources/media/eating/snack/Chocolate.mp3
[DEBUG] from resource zip => assets/Resources/media/eating/snack/IceCream.mp3
[DEBUG] from resource zip => assets/Resources/media/eating/snack/NonVeg.mp3
[DEBUG] from resource zip => assets/Resources/media/eating/snack/Noodles.mp3
[DEBUG] from resource zip => assets/Resources/media/eating/snack/Pastries.mp3
[DEBUG] from resource zip => assets/Resources/media/eating/snack/SweetMeals.mp3
[DEBUG] from resource zip => assets/Resources/media/eating/snack/Wafers.mp3
[DEBUG] from resource zip => assets/Resources/media/eating/AddOns.mp3
[DEBUG] from resource zip => assets/Resources/media/eating/Beverages.mp3
[DEBUG] from resource zip => assets/Resources/media/eating/Breakfast.mp3
[DEBUG] from resource zip => assets/Resources/media/eating/Cutlery.mp3
[DEBUG] from resource zip => assets/Resources/media/eating/Dinner.mp3
[DEBUG] from resource zip => assets/Resources/media/eating/Fruits.mp3
[DEBUG] from resource zip => assets/Resources/media/eating/Lunch.mp3
[DEBUG] from resource zip => assets/Resources/media/eating/Snack.mp3
[DEBUG] from resource zip => assets/Resources/media/emotion/body/IDontLikeTo.mp3
[DEBUG] from resource zip => assets/Resources/media/emotion/body/IDontwantTo.mp3
[DEBUG] from resource zip => assets/Resources/media/emotion/body/ILikeTo.mp3
[DEBUG] from resource zip => assets/Resources/media/emotion/body/IReallyDontLikeTo.mp3
[DEBUG] from resource zip => assets/Resources/media/emotion/body/IReallyDontwantTo.mp3
[DEBUG] from resource zip => assets/Resources/media/emotion/body/IReallyLikeTo.mp3
[DEBUG] from resource zip => assets/Resources/media/emotion/body/IReallyWantToLess.mp3
[DEBUG] from resource zip => assets/Resources/media/emotion/body/IReallyWantToMore.mp3
[DEBUG] from resource zip => assets/Resources/media/emotion/body/IWantTo.mp3
[DEBUG] from resource zip => assets/Resources/media/emotion/body/IWantToFurther.wav
[DEBUG] from resource zip => assets/Resources/media/emotion/body/IWantToLess.mp3
[DEBUG] from resource zip => assets/Resources/media/emotion/body/IWantToMore.mp3
[DEBUG] from resource zip => assets/Resources/media/emotion/body/IreallyWantto.mp3
[DEBUG] from resource zip => assets/Resources/media/emotion/car/IDontWantToGoInThe.mp3
[DEBUG] from resource zip => assets/Resources/media/emotion/car/IReallyDontWantToGoInThe.mp3
[DEBUG] from resource zip => assets/Resources/media/emotion/car/IReallyWantToGoAgainInThe.mp3
[DEBUG] from resource zip => assets/Resources/media/emotion/car/IReallyWantToGoInThe.mp3
[DEBUG] from resource zip => assets/Resources/media/emotion/car/IReallyWantToGoMuchLessInThe.mp3
[DEBUG] from resource zip => assets/Resources/media/emotion/car/IWantToGoAgainInThe.mp3
[DEBUG] from resource zip => assets/Resources/media/emotion/car/IWantToGoInThe.mp3
[DEBUG] from resource zip => assets/Resources/media/emotion/car/IWantToGoLessInThe.mp3
[DEBUG] from resource zip => assets/Resources/media/emotion/chair/IDontWantToSitOn.mp3
[DEBUG] from resource zip => assets/Resources/media/emotion/chair/IReallyDontWantToSitOn.mp3
[DEBUG] from resource zip => assets/Resources/media/emotion/chair/IReallyWantToSitLessOn.mp3
[DEBUG] from resource zip => assets/Resources/media/emotion/chair/IWantToSitLessOn.mp3
[DEBUG] from resource zip => assets/Resources/media/emotion/chair/IWantToSitOn.mp3
[DEBUG] from resource zip => assets/Resources/media/emotion/chair/IWantToSitSomeMoreOn.mp3
[DEBUG] from resource zip => assets/Resources/media/emotion/chair/IreallyWantToSitOn.mp3
[DEBUG] from resource zip => assets/Resources/media/emotion/chair/IreallyWantTositSomeMoreOn.mp3
[DEBUG] from resource zip => assets/Resources/media/emotion/fan/IReallyWantMuchLessOffThe.mp3
[DEBUG] from resource zip => assets/Resources/media/emotion/fan/IReallyWantOffThe.mp3
[DEBUG] from resource zip => assets/Resources/media/emotion/fan/IReallyWantOnThe.mp3
[DEBUG] from resource zip => assets/Resources/media/emotion/fan/IWantLessOffThe.mp3
[DEBUG] from resource zip => assets/Resources/media/emotion/fan/IWantToOffThe.mp3
[DEBUG] from resource zip => assets/Resources/media/emotion/fan/IWantToOnThe.mp3
[DEBUG] from resource zip => assets/Resources/media/emotion/kitchen/IDontWantToGotoThe.mp3
[DEBUG] from resource zip => assets/Resources/media/emotion/kitchen/IReallyWantToGoMuchLessToThe.mp3
[DEBUG] from resource zip => assets/Resources/media/emotion/kitchen/IReallywantToGoAgainToThe.mp3
[DEBUG] from resource zip => assets/Resources/media/emotion/kitchen/IWantToGoLessToThe.mp3
[DEBUG] from resource zip => assets/Resources/media/emotion/kitchen/IWantToGoToThe.mp3
[DEBUG] from resource zip => assets/Resources/media/emotion/kitchen/IreallyDontWantToGoToThe.mp3
[DEBUG] from resource zip => assets/Resources/media/emotion/kitchen/IreallyWantToGoToThe.mp3
[DEBUG] from resource zip => assets/Resources/media/emotion/kitchen/IwantToGoAgainTothe.mp3
[DEBUG] from resource zip => assets/Resources/media/emotion/people/IDontWantToBeWith.mp3
[DEBUG] from resource zip => assets/Resources/media/emotion/people/IReallyDontWantToBeWith.mp3
[DEBUG] from resource zip => assets/Resources/media/emotion/people/IReallyWantToBeLessWith.mp3
[DEBUG] from resource zip => assets/Resources/media/emotion/people/IReallyWantToBeMoreWith.mp3
[DEBUG] from resource zip => assets/Resources/media/emotion/people/IReallyWantToBeWith.mp3
[DEBUG] from resource zip => assets/Resources/media/emotion/people/IWantToBeLessWith.mp3
[DEBUG] from resource zip => assets/Resources/media/emotion/people/IWantToBeMoreWith.mp3
[DEBUG] from resource zip => assets/Resources/media/emotion/people/IWantToBeWith.mp3
[DEBUG] from resource zip => assets/Resources/media/emotion/sofa/IDontWantToSitOnThe.mp3
[DEBUG] from resource zip => assets/Resources/media/emotion/sofa/IReallyDontWantToSitOnThe.mp3
[DEBUG] from resource zip => assets/Resources/media/emotion/sofa/IReallyWantSitMuchMoreOnThe.mp3
[DEBUG] from resource zip => assets/Resources/media/emotion/sofa/IReallyWantToSitMuchLessOnThe.mp3
[DEBUG] from resource zip => assets/Resources/media/emotion/sofa/IReallyWantToSitOnThe.mp3
[DEBUG] from resource zip => assets/Resources/media/emotion/sofa/IWantToSitLessOnThe.mp3
[DEBUG] from resource zip => assets/Resources/media/emotion/sofa/IWantToSitMoreOnThe.mp3
[DEBUG] from resource zip => assets/Resources/media/emotion/sofa/IWanttoSitOnThe.mp3
[DEBUG] from resource zip => assets/Resources/media/emotion/table/IDontWanttoUse.mp3
[DEBUG] from resource zip => assets/Resources/media/emotion/table/IReallyDontWantToUse.mp3
[DEBUG] from resource zip => assets/Resources/media/emotion/table/IReallyWantToUse.mp3
[DEBUG] from resource zip => assets/Resources/media/emotion/table/IReallyWantToUseLessOfThe.mp3
[DEBUG] from resource zip => assets/Resources/media/emotion/table/IReallyWantToUseMoreOfThe.mp3
[DEBUG] from resource zip => assets/Resources/media/emotion/table/IWantToUse.mp3
[DEBUG] from resource zip => assets/Resources/media/emotion/table/IWantToUseLessOfThe.mp3
[DEBUG] from resource zip => assets/Resources/media/emotion/table/IWantToUseMoreOfThe.mp3
[DEBUG] from resource zip => assets/Resources/media/emotion/toilet/IDontLikeToGoTo.mp3
[DEBUG] from resource zip => assets/Resources/media/emotion/toilet/ILikeToGoTo.mp3
[DEBUG] from resource zip => assets/Resources/media/emotion/toilet/IReallyDontLikeToGoTo.mp3
[DEBUG] from resource zip => assets/Resources/media/emotion/toilet/IReallyLikeToGoTo.mp3
[DEBUG] from resource zip => assets/Resources/media/emotion/toilet/IWantToGoToThe.mp3
[DEBUG] from resource zip => assets/Resources/media/emotion/toilet/IreallyWantToGoTo.mp3
[DEBUG] from resource zip => assets/Resources/media/emotion/window/IReallyWantToClose.mp3
[DEBUG] from resource zip => assets/Resources/media/emotion/window/IReallyWantToCloseAnother.mp3
[DEBUG] from resource zip => assets/Resources/media/emotion/window/IReallyWantToOpen.mp3
[DEBUG] from resource zip => assets/Resources/media/emotion/window/IReallyWantToOpenAnother.mp3
[DEBUG] from resource zip => assets/Resources/media/emotion/window/IWantToCloseAnother.mp3
[DEBUG] from resource zip => assets/Resources/media/emotion/window/IWantToOpen.mp3
[DEBUG] from resource zip => assets/Resources/media/emotion/window/IWantToOpenAnother.mp3
[DEBUG] from resource zip => assets/Resources/media/emotion/window/IwantToClose.mp3
[DEBUG] from resource zip => assets/Resources/media/emotion/IDontLike.mp3
[DEBUG] from resource zip => assets/Resources/media/emotion/IDontWant.mp3
[DEBUG] from resource zip => assets/Resources/media/emotion/ILike.mp3
[DEBUG] from resource zip => assets/Resources/media/emotion/IReallyDontLike.mp3
[DEBUG] from resource zip => assets/Resources/media/emotion/IReallyDontWant.mp3
[DEBUG] from resource zip => assets/Resources/media/emotion/IReallyLike.mp3
[DEBUG] from resource zip => assets/Resources/media/emotion/IReallyWant.mp3
[DEBUG] from resource zip => assets/Resources/media/emotion/IWant.mp3
[DEBUG] from resource zip => assets/Resources/media/emotion/IWantLess.mp3
[DEBUG] from resource zip => assets/Resources/media/emotion/IWantMore.mp3
[DEBUG] from resource zip => assets/Resources/media/emotion/IWantMuchLess.mp3
[DEBUG] from resource zip => assets/Resources/media/emotion/IWantMuchMore.mp3
[DEBUG] from resource zip => assets/Resources/media/home/Home.mp3
[DEBUG] from resource zip => assets/Resources/media/home/dontLike.mp3
[DEBUG] from resource zip => assets/Resources/media/home/eating.mp3
[DEBUG] from resource zip => assets/Resources/media/home/learning.mp3
[DEBUG] from resource zip => assets/Resources/media/home/less.mp3
[DEBUG] from resource zip => assets/Resources/media/home/like.mp3
[DEBUG] from resource zip => assets/Resources/media/home/more.mp3
[DEBUG] from resource zip => assets/Resources/media/home/no.mp3
[DEBUG] from resource zip => assets/Resources/media/home/others.mp3
[DEBUG] from resource zip => assets/Resources/media/home/people.mp3
[DEBUG] from resource zip => assets/Resources/media/home/play.mp3
[DEBUG] from resource zip => assets/Resources/media/home/reallyDontLike.mp3
[DEBUG] from resource zip => assets/Resources/media/home/reallyLess.mp3
[DEBUG] from resource zip => assets/Resources/media/home/reallyLike.mp3
[DEBUG] from resource zip => assets/Resources/media/home/reallyMore.mp3
[DEBUG] from resource zip => assets/Resources/media/home/reallyNo.mp3
[DEBUG] from resource zip => assets/Resources/media/home/reallyYes.mp3
[DEBUG] from resource zip => assets/Resources/media/home/yes.mp3
[DEBUG] from resource zip => assets/Resources/media/learning/animals/ants.mp3
[DEBUG] from resource zip => assets/Resources/media/learning/animals/cat.mp3
[DEBUG] from resource zip => assets/Resources/media/learning/animals/cockroaches.mp3
[DEBUG] from resource zip => assets/Resources/media/learning/animals/dog.mp3
[DEBUG] from resource zip => assets/Resources/media/learning/animals/flies.mp3
[DEBUG] from resource zip => assets/Resources/media/learning/animals/mosquito.mp3
[DEBUG] from resource zip => assets/Resources/media/learning/body/2.mp3
[DEBUG] from resource zip => assets/Resources/media/learning/body/ears.mp3
[DEBUG] from resource zip => assets/Resources/media/learning/body/eat.mp3
[DEBUG] from resource zip => assets/Resources/media/learning/body/eyes.mp3
[DEBUG] from resource zip => assets/Resources/media/learning/body/fingers.mp3
[DEBUG] from resource zip => assets/Resources/media/learning/body/hair.mp3
[DEBUG] from resource zip => assets/Resources/media/learning/body/hands.mp3
[DEBUG] from resource zip => assets/Resources/media/learning/body/head.mp3
[DEBUG] from resource zip => assets/Resources/media/learning/body/hear.mp3
[DEBUG] from resource zip => assets/Resources/media/learning/body/legs.mp3
[DEBUG] from resource zip => assets/Resources/media/learning/body/mouth.mp3
[DEBUG] from resource zip => assets/Resources/media/learning/body/see.mp3
[DEBUG] from resource zip => assets/Resources/media/learning/body/speak.mp3
[DEBUG] from resource zip => assets/Resources/media/learning/body/stomach.mp3
[DEBUG] from resource zip => assets/Resources/media/learning/body/think.mp3
[DEBUG] from resource zip => assets/Resources/media/learning/body/touch.mp3
[DEBUG] from resource zip => assets/Resources/media/learning/body/walk.mp3
[DEBUG] from resource zip => assets/Resources/media/learning/body/work.mp3
[DEBUG] from resource zip => assets/Resources/media/learning/books/BedTimeStories.mp3
[DEBUG] from resource zip => assets/Resources/media/learning/books/Comics.mp3
[DEBUG] from resource zip => assets/Resources/media/learning/books/DrawingBook.mp3
[DEBUG] from resource zip => assets/Resources/media/learning/books/Maths.mp3
[DEBUG] from resource zip => assets/Resources/media/learning/books/RhymesBook.mp3
[DEBUG] from resource zip => assets/Resources/media/learning/books/SchoolNotebook.mp3
[DEBUG] from resource zip => assets/Resources/media/learning/books/Words.mp3
[DEBUG] from resource zip => assets/Resources/media/learning/colors/Black.mp3
[DEBUG] from resource zip => assets/Resources/media/learning/colors/Blue.mp3
[DEBUG] from resource zip => assets/Resources/media/learning/colors/Brown.mp3
[DEBUG] from resource zip => assets/Resources/media/learning/colors/Golden.mp3
[DEBUG] from resource zip => assets/Resources/media/learning/colors/Green.mp3
[DEBUG] from resource zip => assets/Resources/media/learning/colors/Red.mp3
[DEBUG] from resource zip => assets/Resources/media/learning/colors/Silver.mp3
[DEBUG] from resource zip => assets/Resources/media/learning/colors/White.mp3
[DEBUG] from resource zip => assets/Resources/media/learning/colors/Yellow.mp3
[DEBUG] from resource zip => assets/Resources/media/learning/homeobjects/Chair.mp3
[DEBUG] from resource zip => assets/Resources/media/learning/homeobjects/Door.mp3
[DEBUG] from resource zip => assets/Resources/media/learning/homeobjects/Fan.mp3
[DEBUG] from resource zip => assets/Resources/media/learning/homeobjects/Kitchen.mp3
[DEBUG] from resource zip => assets/Resources/media/learning/homeobjects/Sofa.mp3
[DEBUG] from resource zip => assets/Resources/media/learning/homeobjects/Table.mp3
[DEBUG] from resource zip => assets/Resources/media/learning/homeobjects/Toilet.mp3
[DEBUG] from resource zip => assets/Resources/media/learning/homeobjects/Window.mp3
[DEBUG] from resource zip => assets/Resources/media/learning/shapes/Circle.mp3
[DEBUG] from resource zip => assets/Resources/media/learning/shapes/Freeform.mp3
[DEBUG] from resource zip => assets/Resources/media/learning/shapes/Line.mp3
[DEBUG] from resource zip => assets/Resources/media/learning/shapes/Rectangle.mp3
[DEBUG] from resource zip => assets/Resources/media/learning/shapes/Square.mp3
[DEBUG] from resource zip => assets/Resources/media/learning/shapes/Triangle.mp3
[DEBUG] from resource zip => assets/Resources/media/learning/stationery/BlankPaper.mp3
[DEBUG] from resource zip => assets/Resources/media/learning/stationery/ColoredPaper.mp3
[DEBUG] from resource zip => assets/Resources/media/learning/stationery/Crayons.mp3
[DEBUG] from resource zip => assets/Resources/media/learning/stationery/Eraser.mp3
[DEBUG] from resource zip => assets/Resources/media/learning/stationery/Pen.mp3
[DEBUG] from resource zip => assets/Resources/media/learning/stationery/Pencil.mp3
[DEBUG] from resource zip => assets/Resources/media/learning/stationery/Pouch.mp3
[DEBUG] from resource zip => assets/Resources/media/learning/stationery/Scale.mp3
[DEBUG] from resource zip => assets/Resources/media/learning/stationery/Sharpner.mp3
[DEBUG] from resource zip => assets/Resources/media/learning/animals.mp3
[DEBUG] from resource zip => assets/Resources/media/learning/body.mp3
[DEBUG] from resource zip => assets/Resources/media/learning/book.mp3
[DEBUG] from resource zip => assets/Resources/media/learning/colors.mp3
[DEBUG] from resource zip => assets/Resources/media/learning/homeobjects.mp3
[DEBUG] from resource zip => assets/Resources/media/learning/shapes.mp3
[DEBUG] from resource zip => assets/Resources/media/learning/stationery.mp3
[DEBUG] from resource zip => assets/Resources/media/others/clothes/ChangeFootwear.mp3
[DEBUG] from resource zip => assets/Resources/media/others/clothes/ChangeInnerwear.mp3
[DEBUG] from resource zip => assets/Resources/media/others/clothes/ChangeJeans.mp3
[DEBUG] from resource zip => assets/Resources/media/others/clothes/ChangeTShirt.mp3
[DEBUG] from resource zip => assets/Resources/media/others/clothes/WearNightClothes.mp3
[DEBUG] from resource zip => assets/Resources/media/others/emergency/Bandage.mp3
[DEBUG] from resource zip => assets/Resources/media/others/emergency/Help.mp3
[DEBUG] from resource zip => assets/Resources/media/others/emergency/Medicine.mp3
[DEBUG] from resource zip => assets/Resources/media/others/hygiene/Bath.mp3
[DEBUG] from resource zip => assets/Resources/media/others/hygiene/Brush.mp3
[DEBUG] from resource zip => assets/Resources/media/others/hygiene/FaceWash.mp3
[DEBUG] from resource zip => assets/Resources/media/others/hygiene/Toilet.mp3
[DEBUG] from resource zip => assets/Resources/media/others/hygiene/Vomit.mp3
[DEBUG] from resource zip => assets/Resources/media/others/hygiene/brushing.mp3
[DEBUG] from resource zip => assets/Resources/media/others/school/Bag.mp3
[DEBUG] from resource zip => assets/Resources/media/others/school/Books.mp3
[DEBUG] from resource zip => assets/Resources/media/others/school/Bottle.mp3
[DEBUG] from resource zip => assets/Resources/media/others/school/Homework.mp3
[DEBUG] from resource zip => assets/Resources/media/others/sleep/Door.mp3
[DEBUG] from resource zip => assets/Resources/media/others/sleep/Fan.mp3
[DEBUG] from resource zip => assets/Resources/media/others/sleep/FeelingCold.mp3
[DEBUG] from resource zip => assets/Resources/media/others/sleep/FeelingWarm.mp3
[DEBUG] from resource zip => assets/Resources/media/others/sleep/Light.mp3
[DEBUG] from resource zip => assets/Resources/media/others/sleep/Window.mp3
[DEBUG] from resource zip => assets/Resources/media/others/sleep/brushing.mp3
[DEBUG] from resource zip => assets/Resources/media/others/sleep/cold.mp3
[DEBUG] from resource zip => assets/Resources/media/others/sleep/warm.mp3
[DEBUG] from resource zip => assets/Resources/media/others/time/Afternoon.mp3
[DEBUG] from resource zip => assets/Resources/media/others/time/Evening.mp3
[DEBUG] from resource zip => assets/Resources/media/others/time/Morning.mp3
[DEBUG] from resource zip => assets/Resources/media/others/time/Night.mp3
[DEBUG] from resource zip => assets/Resources/media/others/time/Tomorrow.mp3
[DEBUG] from resource zip => assets/Resources/media/others/time/WhatIsTheTime.mp3
[DEBUG] from resource zip => assets/Resources/media/others/time/Yesterday.mp3
[DEBUG] from resource zip => assets/Resources/media/others/Clothes.mp3
[DEBUG] from resource zip => assets/Resources/media/others/Emergency.mp3
[DEBUG] from resource zip => assets/Resources/media/others/Hygiene.mp3
[DEBUG] from resource zip => assets/Resources/media/others/School.mp3
[DEBUG] from resource zip => assets/Resources/media/others/Sleep.mp3
[DEBUG] from resource zip => assets/Resources/media/others/Time.mp3
[DEBUG] from resource zip => assets/Resources/media/people/Brother.mp3
[DEBUG] from resource zip => assets/Resources/media/people/Dad.mp3
[DEBUG] from resource zip => assets/Resources/media/people/Doctor.mp3
[DEBUG] from resource zip => assets/Resources/media/people/Friends.mp3
[DEBUG] from resource zip => assets/Resources/media/people/Mom.mp3
[DEBUG] from resource zip => assets/Resources/media/people/Nurse.mp3
[DEBUG] from resource zip => assets/Resources/media/people/Sister.mp3
[DEBUG] from resource zip => assets/Resources/media/people/Teacher.mp3
[DEBUG] from resource zip => assets/Resources/media/play/music/ChangeMusic.mp3
[DEBUG] from resource zip => assets/Resources/media/play/music/LetsDance.mp3
[DEBUG] from resource zip => assets/Resources/media/play/music/VolumeDown.mp3
[DEBUG] from resource zip => assets/Resources/media/play/music/VolumeUp.mp3
[DEBUG] from resource zip => assets/Resources/media/play/outdoor/Cars.mp3
[DEBUG] from resource zip => assets/Resources/media/play/outdoor/Garden.mp3
[DEBUG] from resource zip => assets/Resources/media/play/outdoor/Swing.mp3
[DEBUG] from resource zip => assets/Resources/media/play/outdoor/Terrace.mp3
[DEBUG] from resource zip => assets/Resources/media/play/outdoor/Walk.mp3
[DEBUG] from resource zip => assets/Resources/media/play/toys/ActionFigure.mp3
[DEBUG] from resource zip => assets/Resources/media/play/toys/Cars.mp3
[DEBUG] from resource zip => assets/Resources/media/play/toys/LetsPlay.mp3
[DEBUG] from resource zip => assets/Resources/media/play/toys/SoftToys.mp3
[DEBUG] from resource zip => assets/Resources/media/play/tv/NextChannel.mp3
[DEBUG] from resource zip => assets/Resources/media/play/tv/PrevChannel.mp3
[DEBUG] from resource zip => assets/Resources/media/play/tv/VolumeDown.mp3
[DEBUG] from resource zip => assets/Resources/media/play/tv/VolumeUp.mp3
[DEBUG] from resource zip => assets/Resources/media/play/Music.mp3
[DEBUG] from resource zip => assets/Resources/media/play/Outdoor.mp3
[DEBUG] from resource zip => assets/Resources/media/play/Puzzles.mp3
[DEBUG] from resource zip => assets/Resources/media/play/TV.mp3
[DEBUG] from resource zip => assets/Resources/media/play/Toys.mp3
[DEBUG] from resource zip => assets/Resources/media/play/VideoGames.mp3
[DEBUG] from resource zip => assets/Resources/KS_nav_ui.png
[DEBUG] from resource zip => assets/Resources/KS_nav_views.png
[DEBUG] from resource zip => assets/Resources/app.bk.js
[DEBUG] from resource zip => assets/Resources/app.js
[DEBUG] from resource zip => assets/Resources/appicon.png
[DEBUG] from resource zip => assets/Resources/buttons.js
[DEBUG] from resource zip => assets/Resources/default.png
[DEBUG] from resource zip => assets/Resources/functions.js
[DEBUG] from resource zip => assets/app.json
[DEBUG] from resource zip => assets/index.json
[DEBUG] from resource zip => assets/tiapp.xml
[DEBUG] from resource zip => res/drawable/appicon.png
[DEBUG] from resource zip => res/drawable/background.png
[DEBUG] from resource zip => res/drawable/close.png
[DEBUG] from resource zip => res/drawable/facebook_login.png
[DEBUG] from resource zip => res/drawable/facebook_login_down.png
[DEBUG] from resource zip => res/drawable/facebook_login_wide.png
[DEBUG] from resource zip => res/drawable/facebook_login_wide_down.png
[DEBUG] from resource zip => res/drawable/facebook_logout.png
[DEBUG] from resource zip => res/drawable/facebook_logout_down.png
[DEBUG] from resource zip => res/layout/titanium_tabgroup.xml
[DEBUG] from resource zip => AndroidManifest.xml
[DEBUG] from resource zip => resources.arsc
[DEBUG] from resource zip => res/drawable-hdpi/close.png
[DEBUG] from resource zip => res/drawable-ldpi/close.png
[DEBUG] from resource zip => res/drawable-long-land-hdpi/background.png
[DEBUG] from resource zip => res/drawable-long-land-hdpi/default_d44e27d97b.png
[DEBUG] from resource zip => res/drawable-long-land-hdpi/thumbs_2c5499c213.db
[DEBUG] from resource zip => res/drawable-long-land-ldpi/background.png
[DEBUG] from resource zip => res/drawable-long-land-ldpi/default_d44e27d97b.png
[DEBUG] from resource zip => res/drawable-long-land-ldpi/thumbs_2c5499c213.db
[DEBUG] from resource zip => res/drawable-long-port-hdpi/background.png
[DEBUG] from resource zip => res/drawable-long-port-hdpi/default_d44e27d97b.png
[DEBUG] from resource zip => res/drawable-long-port-hdpi/thumbs_2c5499c213.db
[DEBUG] from resource zip => res/drawable-long-port-ldpi/background.png
[DEBUG] from resource zip => res/drawable-long-port-ldpi/default_d44e27d97b.png
[DEBUG] from resource zip => res/drawable-long-port-ldpi/thumbs_2c5499c213.db
[DEBUG] from resource zip => res/drawable-notlong-land-hdpi/background.png
[DEBUG] from resource zip => res/drawable-notlong-land-hdpi/default_d44e27d97b.png
[DEBUG] from resource zip => res/drawable-notlong-land-hdpi/thumbs_2c5499c213.db
[DEBUG] from resource zip => res/drawable-notlong-land-ldpi/background.png
[DEBUG] from resource zip => res/drawable-notlong-land-ldpi/default_d44e27d97b.png
[DEBUG] from resource zip => res/drawable-notlong-land-ldpi/thumbs_2c5499c213.db
[DEBUG] from resource zip => res/drawable-notlong-land-mdpi/background.png
[DEBUG] from resource zip => res/drawable-notlong-land-mdpi/default_d44e27d97b.png
[DEBUG] from resource zip => res/drawable-notlong-land-mdpi/thumbs_2c5499c213.db
[DEBUG] from resource zip => res/drawable-notlong-port-hdpi/background.png
[DEBUG] from resource zip => res/drawable-notlong-port-hdpi/default_d44e27d97b.png
[DEBUG] from resource zip => res/drawable-notlong-port-hdpi/thumbs_2c5499c213.db
[DEBUG] from resource zip => res/drawable-notlong-port-ldpi/background.png
[DEBUG] from resource zip => res/drawable-notlong-port-ldpi/default_d44e27d97b.png
[DEBUG] from resource zip => res/drawable-notlong-port-ldpi/thumbs_2c5499c213.db
[DEBUG] from resource zip => res/drawable-notlong-port-mdpi/background.png
[DEBUG] from resource zip => res/drawable-notlong-port-mdpi/default_d44e27d97b.png
[DEBUG] from resource zip => res/drawable-notlong-port-mdpi/thumbs_2c5499c213.db
[DEBUG] from JAR /Users/ptamzz/Library/Application Support/Titanium/mobilesdk/osx/2.1.3.GA/android/thirdparty.jar => org/apache/Commons-NOTICE.txt
[DEBUG] from JAR /Users/ptamzz/Library/Application Support/Titanium/mobilesdk/osx/2.1.3.GA/android/thirdparty.jar => org/apache/HttpComponents-NOTICE.txt
[DEBUG] from JAR /Users/ptamzz/Library/Application Support/Titanium/mobilesdk/osx/2.1.3.GA/android/thirdparty.jar => org/apache/mime4j-NOTICE.txt
[DEBUG] from JAR /Users/ptamzz/Library/Application Support/Titanium/mobilesdk/osx/2.1.3.GA/android/modules/titanium-facebook.jar => ti/modules/titanium/facebook/LICENSE
[DEBUG] from JAR /Users/ptamzz/Library/Application Support/Titanium/mobilesdk/osx/2.1.3.GA/android/titanium.jar => org/appcelerator/titanium/build.properties
[DEBUG] from JAR /Users/ptamzz/Library/Application Support/Titanium/mobilesdk/osx/2.1.3.GA/android/titanium.jar => org/appcelerator/titanium/res/drawable/background.png
[DEBUG] from JAR /Users/ptamzz/Library/Application Support/Titanium/mobilesdk/osx/2.1.3.GA/android/titanium.jar => org/appcelerator/titanium/res/drawable/btn_check_buttonless_on.png
[DEBUG] from JAR /Users/ptamzz/Library/Application Support/Titanium/mobilesdk/osx/2.1.3.GA/android/titanium.jar => org/appcelerator/titanium/res/drawable/btn_check_buttonless_on_18.png
[DEBUG] from JAR /Users/ptamzz/Library/Application Support/Titanium/mobilesdk/osx/2.1.3.GA/android/titanium.jar => org/appcelerator/titanium/res/drawable/btn_check_buttonless_on_48.png
[DEBUG] from JAR /Users/ptamzz/Library/Application Support/Titanium/mobilesdk/osx/2.1.3.GA/android/titanium.jar => org/appcelerator/titanium/res/drawable/btn_more.png
[DEBUG] from JAR /Users/ptamzz/Library/Application Support/Titanium/mobilesdk/osx/2.1.3.GA/android/titanium.jar => org/appcelerator/titanium/res/drawable/btn_more_18.png
[DEBUG] from JAR /Users/ptamzz/Library/Application Support/Titanium/mobilesdk/osx/2.1.3.GA/android/titanium.jar => org/appcelerator/titanium/res/drawable/btn_more_48.png
[DEBUG] from JAR /Users/ptamzz/Library/Application Support/Titanium/mobilesdk/osx/2.1.3.GA/android/titanium.jar => org/appcelerator/titanium/res/drawable/btn_picker_normal.9.png
[DEBUG] from JAR /Users/ptamzz/Library/Application Support/Titanium/mobilesdk/osx/2.1.3.GA/android/titanium.jar => org/appcelerator/titanium/res/drawable/btn_picker_pressed.9.png
[DEBUG] from JAR /Users/ptamzz/Library/Application Support/Titanium/mobilesdk/osx/2.1.3.GA/android/titanium.jar => org/appcelerator/titanium/res/drawable/btn_picker_selected.9.png
[DEBUG] from JAR /Users/ptamzz/Library/Application Support/Titanium/mobilesdk/osx/2.1.3.GA/android/titanium.jar => org/appcelerator/titanium/res/drawable/default_icon.png
[DEBUG] from JAR /Users/ptamzz/Library/Application Support/Titanium/mobilesdk/osx/2.1.3.GA/android/titanium.jar => org/appcelerator/titanium/res/drawable/photoDefault.png
[DEBUG] from JAR /Users/ptamzz/Library/Application Support/Titanium/mobilesdk/osx/2.1.3.GA/android/modules/titanium-ui.jar => ti/modules/titanium/ui/widget/webview/binding.js
[DEBUG] from JAR /Users/ptamzz/Library/Application Support/Titanium/mobilesdk/osx/2.1.3.GA/android/modules/titanium-ui.jar => ti/modules/titanium/ui/widget/webview/binding.min.js
[DEBUG] from JAR /Users/ptamzz/Library/Application Support/Titanium/mobilesdk/osx/2.1.3.GA/android/modules/titanium-ui.jar => ti/modules/titanium/ui/widget/webview/json2.js
[DEBUG] from JAR /Users/ptamzz/Library/Application Support/Titanium/mobilesdk/osx/2.1.3.GA/android/modules/titanium-ui.jar => ti/modules/titanium/ui/widget/webview/polling.js
[DEBUG] from JAR /Users/ptamzz/Library/Application Support/Titanium/mobilesdk/osx/2.1.3.GA/android/modules/titanium-ui.jar => ti/modules/titanium/ui/widget/webview/polling.min.js
[DEBUG] installing native SDK libs
[DEBUG] Waiting for device to be ready ...
[TRACE] adb devices returned 1 devices/emulators
[DEBUG] Device connected... (waited 0 seconds)
[DEBUG] waited 0.016125 seconds on emulator to get ready
[INFO] Installing application on emulator
[ERROR] Failed installing com.ptamzz.jellow: 	pkg: /data/local/tmp/app.apk
Failure [INSTALL_FAILED_INSUFFICIENT_STORAGE]

